2021-06-16 22:53:29,959:INFO:PyCaret Supervised Module
2021-06-16 22:53:29,959:INFO:ML Usecase: classification
2021-06-16 22:53:29,960:INFO:version 2.3.1
2021-06-16 22:53:29,960:INFO:Initializing setup()
2021-06-16 22:53:29,960:INFO:setup(display=None, profile_kwargs=None, profile=False, verbose=True, silent=False, log_data=False, log_profile=False, log_plots=False, experiment_name=None, log_experiment=False, session_id=None, html=True, custom_pipeline=None, use_gpu=False, n_jobs=-1, fold_groups=None, fold_shuffle=False, fold=10, fold_strategy=stratifiedkfold, data_split_stratify=False, data_split_shuffle=True, transform_target_method=box-cox, transform_target=False, fix_imbalance_method=None, fix_imbalance=False, interaction_threshold=0.01, feature_ratio=False, feature_interaction=False, feature_selection_method=classic, feature_selection_threshold=0.8, feature_selection=False, group_names=None, group_features=None, polynomial_threshold=0.1, trigonometry_features=False, polynomial_degree=2, polynomial_features=False, cluster_iter=20, create_clusters=False, remove_perfect_collinearity=True, multicollinearity_threshold=0.9, remove_multicollinearity=False, outliers_threshold=0.05, remove_outliers=False, bin_numeric_features=None, rare_level_threshold=0.1, combine_rare_levels=False, ignore_low_variance=False, pca_components=None, pca_method=linear, pca=False, unknown_categorical_method=least_frequent, handle_unknown_categorical=True, transformation_method=yeo-johnson, transformation=False, normalize_method=zscore, normalize=False, ignore_features=None, date_features=None, numeric_iterative_imputer=lightgbm, numeric_imputation=mean, numeric_features=None, high_cardinality_method=frequency, high_cardinality_features=None, ordinal_features=None, categorical_iterative_imputer=lightgbm, categorical_imputation=constant, categorical_features=None, iterative_imputation_iters=5, imputation_type=simple, preprocess=True, test_data=None, train_size=0.7, available_plots={'parameter': 'Hyperparameters', 'auc': 'AUC', 'confusion_matrix': 'Confusion Matrix', 'threshold': 'Threshold', 'pr': 'Precision Recall', 'error': 'Prediction Error', 'class_report': 'Class Report', 'rfe': 'Feature Selection', 'learning': 'Learning Curve', 'manifold': 'Manifold Learning', 'calibration': 'Calibration Curve', 'vc': 'Validation Curve', 'dimension': 'Dimensions', 'feature': 'Feature Importance', 'feature_all': 'Feature Importance (All)', 'boundary': 'Decision Boundary', 'lift': 'Lift Chart', 'gain': 'Gain Chart', 'tree': 'Decision Tree'}, ml_usecase=classification, target=y)
2021-06-16 22:53:29,960:INFO:Checking environment
2021-06-16 22:53:29,961:INFO:python_version: 3.6.13
2021-06-16 22:53:29,961:INFO:python_build: ('default', 'Feb 23 2021 12:58:59')
2021-06-16 22:53:29,961:INFO:machine: x86_64
2021-06-16 22:53:30,102:INFO:platform: Darwin-20.3.0-x86_64-i386-64bit
2021-06-16 22:53:30,103:WARNING:cannot find psutil installation. memory not traceable. Install psutil using pip to enable memory logging.
2021-06-16 22:53:30,103:INFO:Checking libraries
2021-06-16 22:53:30,103:INFO:pd==1.1.5
2021-06-16 22:53:30,103:INFO:numpy==1.19.5
2021-06-16 22:53:30,103:INFO:sklearn==0.23.2
2021-06-16 22:53:30,103:INFO:lightgbm==3.2.1
2021-06-16 22:53:30,103:WARNING:catboost not found
2021-06-16 22:53:30,103:WARNING:xgboost not found
2021-06-16 22:53:30,407:INFO:mlflow==1.17.0
2021-06-16 22:53:30,408:INFO:Checking Exceptions
2021-06-16 22:53:30,413:INFO:Declaring global variables
2021-06-16 22:53:30,413:INFO:USI: c24c
2021-06-16 22:53:30,413:INFO:pycaret_globals: {'_all_models_internal', 'target_param', '_all_metrics', '_available_plots', 'iterative_imputation_iters_param', '_internal_pipeline', 'y_test', 'pycaret_globals', 'imputation_classifier', 'fold_generator', 'transform_target_param', 'stratify_param', 'prep_pipe', 'seed', 'n_jobs_param', 'data_before_preprocess', 'display_container', '_all_models', 'log_plots_param', '_gpu_n_jobs_param', 'USI', 'X', 'y', 'fold_param', 'fold_groups_param', 'X_train', 'fold_groups_param_full', 'fix_imbalance_param', '_ml_usecase', 'exp_name_log', 'y_train', 'gpu_param', 'experiment__', 'imputation_regressor', 'create_model_container', 'X_test', 'fix_imbalance_method_param', 'logging_param', 'html_param', 'fold_shuffle_param', 'master_model_container', 'transform_target_method_param'}
2021-06-16 22:53:30,413:INFO:Preparing display monitor
2021-06-16 22:53:30,413:INFO:Preparing display monitor
2021-06-16 22:53:30,427:INFO:Importing libraries
2021-06-16 22:53:30,427:INFO:Copying data for preprocessing
